# JRE version: OpenJDK Runtime Environment (21.0.8) (build 21.0.8+-14196175-b1038.72)
# Java VM: OpenJDK 64-Bit Server VM (21.0.8+-14196175-b1038.72, mixed mode, tiered, compressed oops, compressed class ptrs, g1 gc, windows-amd64)
GC Precious Log:
 CardTable entry size: 512
 Card Set container configuration: InlinePtr #cards 5 size 8 Array Of Cards #cards 12 size 40 Howl #buckets 4 coarsen threshold 1843 Howl Bitmap #cards 512 size 80 coarsen threshold 460 Card regions per heap region 1 cards per card region 2048
 CPUs: 8 total, 8 available
 Memory: 5965M
 Large Page Support: Disabled
 NUMA Support: Disabled
 Compressed Oops: Enabled (32-bit)
 Heap Region Size: 1M
 Heap Min Capacity: 8M
 Heap Initial Capacity: 94M
 Heap Max Capacity: 2G
 Pre-touch: Disabled
 Parallel Workers: 8
 Concurrent Workers: 2
 Concurrent Refinement Workers: 8
 Periodic GC: Disabled
Heap:
 garbage-first heap   total 164864K, used 120542K [0x0000000080000000, 0x0000000100000000)
  region size 1024K, 2 young (2048K), 1 survivors (1024K)
 Metaspace       used 72660K, committed 74432K, reserved 1114112K
  class space    used 10084K, committed 10944K, reserved 1048576K
GC Heap History (20 events):
Event: 26.447 GC heap before
{Heap before GC invocations=14 (full 0):
 garbage-first heap   total 102400K, used 88429K [0x0000000080000000, 0x0000000100000000)
  region size 1024K, 30 young (30720K), 4 survivors (4096K)
 Metaspace       used 47816K, committed 49024K, reserved 1114112K
  class space    used 6659K, committed 7232K, reserved 1048576K
}
Event: 26.454 GC heap after
{Heap after GC invocations=15 (full 0):
 garbage-first heap   total 102400K, used 65850K [0x0000000080000000, 0x0000000100000000)
  region size 1024K, 4 young (4096K), 4 survivors (4096K)
 Metaspace       used 47816K, committed 49024K, reserved 1114112K
  class space    used 6659K, committed 7232K, reserved 1048576K
}
Event: 27.602 GC heap before
{Heap before GC invocations=16 (full 0):
 garbage-first heap   total 111616K, used 95546K [0x0000000080000000, 0x0000000100000000)
  region size 1024K, 29 young (29696K), 4 survivors (4096K)
 Metaspace       used 49914K, committed 51072K, reserved 1114112K
  class space    used 6849K, committed 7424K, reserved 1048576K
}
Event: 27.607 GC heap after
{Heap after GC invocations=17 (full 0):
 garbage-first heap   total 135168K, used 69056K [0x0000000080000000, 0x0000000100000000)
  region size 1024K, 3 young (3072K), 3 survivors (3072K)
 Metaspace       used 49914K, committed 51072K, reserved 1114112K
  class space    used 6849K, committed 7424K, reserved 1048576K
}
Event: 30.414 GC heap before
{Heap before GC invocations=17 (full 0):
 garbage-first heap   total 141312K, used 132544K [0x0000000080000000, 0x0000000100000000)
  region size 1024K, 49 young (50176K), 3 survivors (3072K)
 Metaspace       used 54741K, committed 56064K, reserved 1114112K
  class space    used 7654K, committed 8256K, reserved 1048576K
}
Event: 30.419 GC heap after
{Heap after GC invocations=18 (full 0):
 garbage-first heap   total 141312K, used 88695K [0x0000000080000000, 0x0000000100000000)
  region size 1024K, 7 young (7168K), 7 survivors (7168K)
 Metaspace       used 54741K, committed 56064K, reserved 1114112K
  class space    used 7654K, committed 8256K, reserved 1048576K
}
Event: 30.486 GC heap before
{Heap before GC invocations=18 (full 0):
 garbage-first heap   total 141312K, used 91767K [0x0000000080000000, 0x0000000100000000)
  region size 1024K, 12 young (12288K), 7 survivors (7168K)
 Metaspace       used 55121K, committed 56448K, reserved 1114112K
  class space    used 7680K, committed 8320K, reserved 1048576K
}
Event: 30.491 GC heap after
{Heap after GC invocations=19 (full 0):
 garbage-first heap   total 141312K, used 89843K [0x0000000080000000, 0x0000000100000000)
  region size 1024K, 2 young (2048K), 2 survivors (2048K)
 Metaspace       used 55121K, committed 56448K, reserved 1114112K
  class space    used 7680K, committed 8320K, reserved 1048576K
}
Event: 32.734 GC heap before
{Heap before GC invocations=20 (full 0):
 garbage-first heap   total 155648K, used 129779K [0x0000000080000000, 0x0000000100000000)
  region size 1024K, 39 young (39936K), 2 survivors (2048K)
 Metaspace       used 58778K, committed 60224K, reserved 1114112K
  class space    used 8180K, committed 8896K, reserved 1048576K
}
Event: 32.737 GC heap after
{Heap after GC invocations=21 (full 0):
 garbage-first heap   total 155648K, used 89970K [0x0000000080000000, 0x0000000100000000)
  region size 1024K, 2 young (2048K), 2 survivors (2048K)
 Metaspace       used 58778K, committed 60224K, reserved 1114112K
  class space    used 8180K, committed 8896K, reserved 1048576K
}
Event: 36.378 GC heap before
{Heap before GC invocations=21 (full 0):
 garbage-first heap   total 155648K, used 141170K [0x0000000080000000, 0x0000000100000000)
  region size 1024K, 53 young (54272K), 2 survivors (2048K)
 Metaspace       used 64486K, committed 66176K, reserved 1114112K
  class space    used 9111K, committed 9920K, reserved 1048576K
}
Event: 36.385 GC heap after
{Heap after GC invocations=22 (full 0):
 garbage-first heap   total 155648K, used 92110K [0x0000000080000000, 0x0000000100000000)
  region size 1024K, 5 young (5120K), 5 survivors (5120K)
 Metaspace       used 64486K, committed 66176K, reserved 1114112K
  class space    used 9111K, committed 9920K, reserved 1048576K
}
Event: 41.418 GC heap before
{Heap before GC invocations=22 (full 0):
 garbage-first heap   total 155648K, used 139214K [0x0000000080000000, 0x0000000100000000)
  region size 1024K, 52 young (53248K), 5 survivors (5120K)
 Metaspace       used 66133K, committed 67776K, reserved 1114112K
  class space    used 9298K, committed 10112K, reserved 1048576K
}
Event: 41.427 GC heap after
{Heap after GC invocations=23 (full 0):
 garbage-first heap   total 155648K, used 98066K [0x0000000080000000, 0x0000000100000000)
  region size 1024K, 7 young (7168K), 7 survivors (7168K)
 Metaspace       used 66133K, committed 67776K, reserved 1114112K
  class space    used 9298K, committed 10112K, reserved 1048576K
}
Event: 42.555 GC heap before
{Heap before GC invocations=24 (full 0):
 garbage-first heap   total 163840K, used 151314K [0x0000000080000000, 0x0000000100000000)
  region size 1024K, 48 young (49152K), 7 survivors (7168K)
 Metaspace       used 67090K, committed 68736K, reserved 1114112K
  class space    used 9442K, committed 10240K, reserved 1048576K
}
Event: 42.562 GC heap after
{Heap after GC invocations=25 (full 0):
 garbage-first heap   total 164864K, used 115432K [0x0000000080000000, 0x0000000100000000)
  region size 1024K, 6 young (6144K), 6 survivors (6144K)
 Metaspace       used 67090K, committed 68736K, reserved 1114112K
  class space    used 9442K, committed 10240K, reserved 1048576K
}
Event: 43.948 GC heap before
{Heap before GC invocations=25 (full 0):
 garbage-first heap   total 164864K, used 152296K [0x0000000080000000, 0x0000000100000000)
  region size 1024K, 39 young (39936K), 6 survivors (6144K)
 Metaspace       used 69466K, committed 71168K, reserved 1114112K
  class space    used 9745K, committed 10560K, reserved 1048576K
}
Event: 43.954 GC heap after
{Heap after GC invocations=26 (full 0):
 garbage-first heap   total 164864K, used 120088K [0x0000000080000000, 0x0000000100000000)
  region size 1024K, 4 young (4096K), 4 survivors (4096K)
 Metaspace       used 69466K, committed 71168K, reserved 1114112K
  class space    used 9745K, committed 10560K, reserved 1048576K
}
Event: 45.229 GC heap before
{Heap before GC invocations=26 (full 0):
 garbage-first heap   total 164864K, used 149784K [0x0000000080000000, 0x0000000100000000)
  region size 1024K, 33 young (33792K), 4 survivors (4096K)
 Metaspace       used 72583K, committed 74368K, reserved 1114112K
  class space    used 10071K, committed 10944K, reserved 1048576K
}
Event: 45.233 GC heap after
{Heap after GC invocations=27 (full 0):
 garbage-first heap   total 164864K, used 120542K [0x0000000080000000, 0x0000000100000000)
  region size 1024K, 1 young (1024K), 1 survivors (1024K)
 Metaspace       used 72583K, committed 74368K, reserved 1114112K
  class space    used 10071K, committed 10944K, reserved 1048576K
}

