# JRE version: OpenJDK Runtime Environment (21.0.8) (build 21.0.8+-14196175-b1038.72)
# Java VM: OpenJDK 64-Bit Server VM (21.0.8+-14196175-b1038.72, mixed mode, tiered, compressed oops, compressed class ptrs, g1 gc, windows-amd64)
GC Precious Log:
 CardTable entry size: 512
 Card Set container configuration: InlinePtr #cards 5 size 8 Array Of Cards #cards 12 size 40 Howl #buckets 4 coarsen threshold 1843 Howl Bitmap #cards 512 size 80 coarsen threshold 460 Card regions per heap region 1 cards per card region 2048
 CPUs: 8 total, 8 available
 Memory: 5965M
 Large Page Support: Disabled
 NUMA Support: Disabled
 Compressed Oops: Enabled (32-bit)
 Heap Region Size: 1M
 Heap Min Capacity: 8M
 Heap Initial Capacity: 94M
 Heap Max Capacity: 1492M
 Pre-touch: Disabled
 Parallel Workers: 8
 Concurrent Workers: 2
 Concurrent Refinement Workers: 8
 Periodic GC: Disabled
Heap:
 garbage-first heap   total 230400K, used 142799K [0x00000000a2c00000, 0x0000000100000000)
  region size 1024K, 51 young (52224K), 5 survivors (5120K)
 Metaspace       used 61749K, committed 62464K, reserved 1114112K
  class space    used 6877K, committed 7232K, reserved 1048576K
GC Heap History (20 events):
Event: 38.478 GC heap before
{Heap before GC invocations=32 (full 0):
 garbage-first heap   total 83968K, used 74470K [0x00000000a2c00000, 0x0000000100000000)
  region size 1024K, 24 young (24576K), 4 survivors (4096K)
 Metaspace       used 51769K, committed 52416K, reserved 1114112K
  class space    used 6171K, committed 6464K, reserved 1048576K
}
Event: 38.588 GC heap after
{Heap after GC invocations=33 (full 0):
 garbage-first heap   total 83968K, used 57344K [0x00000000a2c00000, 0x0000000100000000)
  region size 1024K, 3 young (3072K), 3 survivors (3072K)
 Metaspace       used 51769K, committed 52416K, reserved 1114112K
  class space    used 6171K, committed 6464K, reserved 1048576K
}
Event: 45.103 GC heap before
{Heap before GC invocations=34 (full 0):
 garbage-first heap   total 96256K, used 74752K [0x00000000a2c00000, 0x0000000100000000)
  region size 1024K, 20 young (20480K), 3 survivors (3072K)
 Metaspace       used 52264K, committed 52928K, reserved 1114112K
  class space    used 6186K, committed 6528K, reserved 1048576K
}
Event: 45.118 GC heap after
{Heap after GC invocations=35 (full 0):
 garbage-first heap   total 96256K, used 60416K [0x00000000a2c00000, 0x0000000100000000)
  region size 1024K, 3 young (3072K), 3 survivors (3072K)
 Metaspace       used 52264K, committed 52928K, reserved 1114112K
  class space    used 6186K, committed 6528K, reserved 1048576K
}
Event: 48.850 GC heap before
{Heap before GC invocations=35 (full 0):
 garbage-first heap   total 96256K, used 86016K [0x00000000a2c00000, 0x0000000100000000)
  region size 1024K, 26 young (26624K), 3 survivors (3072K)
 Metaspace       used 52739K, committed 53376K, reserved 1114112K
  class space    used 6203K, committed 6528K, reserved 1048576K
}
Event: 48.872 GC heap after
{Heap after GC invocations=36 (full 0):
 garbage-first heap   total 96256K, used 65832K [0x00000000a2c00000, 0x0000000100000000)
  region size 1024K, 4 young (4096K), 4 survivors (4096K)
 Metaspace       used 52739K, committed 53376K, reserved 1114112K
  class space    used 6203K, committed 6528K, reserved 1048576K
}
Event: 52.092 GC heap before
{Heap before GC invocations=36 (full 0):
 garbage-first heap   total 96256K, used 85288K [0x00000000a2c00000, 0x0000000100000000)
  region size 1024K, 23 young (23552K), 4 survivors (4096K)
 Metaspace       used 53847K, committed 54528K, reserved 1114112K
  class space    used 6259K, committed 6592K, reserved 1048576K
}
Event: 52.134 GC heap after
{Heap after GC invocations=37 (full 0):
 garbage-first heap   total 96256K, used 69632K [0x00000000a2c00000, 0x0000000100000000)
  region size 1024K, 3 young (3072K), 3 survivors (3072K)
 Metaspace       used 53847K, committed 54528K, reserved 1114112K
  class space    used 6259K, committed 6592K, reserved 1048576K
}
Event: 54.315 GC heap before
{Heap before GC invocations=38 (full 0):
 garbage-first heap   total 116736K, used 86016K [0x00000000a2c00000, 0x0000000100000000)
  region size 1024K, 19 young (19456K), 3 survivors (3072K)
 Metaspace       used 54111K, committed 54784K, reserved 1114112K
  class space    used 6271K, committed 6592K, reserved 1048576K
}
Event: 54.524 GC heap after
{Heap after GC invocations=39 (full 0):
 garbage-first heap   total 116736K, used 73126K [0x00000000a2c00000, 0x0000000100000000)
  region size 1024K, 3 young (3072K), 3 survivors (3072K)
 Metaspace       used 54111K, committed 54784K, reserved 1114112K
  class space    used 6271K, committed 6592K, reserved 1048576K
}
Event: 59.167 GC heap before
{Heap before GC invocations=39 (full 0):
 garbage-first heap   total 116736K, used 100774K [0x00000000a2c00000, 0x0000000100000000)
  region size 1024K, 30 young (30720K), 3 survivors (3072K)
 Metaspace       used 56387K, committed 57024K, reserved 1114112K
  class space    used 6521K, committed 6848K, reserved 1048576K
}
Event: 59.236 GC heap after
{Heap after GC invocations=40 (full 0):
 garbage-first heap   total 230400K, used 76904K [0x00000000a2c00000, 0x0000000100000000)
  region size 1024K, 4 young (4096K), 4 survivors (4096K)
 Metaspace       used 56387K, committed 57024K, reserved 1114112K
  class space    used 6521K, committed 6848K, reserved 1048576K
}
Event: 65.169 GC heap before
{Heap before GC invocations=40 (full 0):
 garbage-first heap   total 230400K, used 103528K [0x00000000a2c00000, 0x0000000100000000)
  region size 1024K, 30 young (30720K), 4 survivors (4096K)
 Metaspace       used 58254K, committed 58944K, reserved 1114112K
  class space    used 6581K, committed 6912K, reserved 1048576K
}
Event: 65.182 GC heap after
{Heap after GC invocations=41 (full 0):
 garbage-first heap   total 230400K, used 79534K [0x00000000a2c00000, 0x0000000100000000)
  region size 1024K, 3 young (3072K), 3 survivors (3072K)
 Metaspace       used 58254K, committed 58944K, reserved 1114112K
  class space    used 6581K, committed 6912K, reserved 1048576K
}
Event: 75.617 GC heap before
{Heap before GC invocations=41 (full 0):
 garbage-first heap   total 230400K, used 120494K [0x00000000a2c00000, 0x0000000100000000)
  region size 1024K, 42 young (43008K), 3 survivors (3072K)
 Metaspace       used 59578K, committed 60288K, reserved 1114112K
  class space    used 6726K, committed 7040K, reserved 1048576K
}
Event: 75.647 GC heap after
{Heap after GC invocations=42 (full 0):
 garbage-first heap   total 230400K, used 84498K [0x00000000a2c00000, 0x0000000100000000)
  region size 1024K, 6 young (6144K), 6 survivors (6144K)
 Metaspace       used 59578K, committed 60288K, reserved 1114112K
  class space    used 6726K, committed 7040K, reserved 1048576K
}
Event: 83.092 GC heap before
{Heap before GC invocations=42 (full 0):
 garbage-first heap   total 230400K, used 135698K [0x00000000a2c00000, 0x0000000100000000)
  region size 1024K, 54 young (55296K), 6 survivors (6144K)
 Metaspace       used 60662K, committed 61312K, reserved 1114112K
  class space    used 6807K, committed 7104K, reserved 1048576K
}
Event: 83.145 GC heap after
{Heap after GC invocations=43 (full 0):
 garbage-first heap   total 230400K, used 91640K [0x00000000a2c00000, 0x0000000100000000)
  region size 1024K, 7 young (7168K), 7 survivors (7168K)
 Metaspace       used 60662K, committed 61312K, reserved 1114112K
  class space    used 6807K, committed 7104K, reserved 1048576K
}
Event: 92.287 GC heap before
{Heap before GC invocations=43 (full 0):
 garbage-first heap   total 230400K, used 144888K [0x00000000a2c00000, 0x0000000100000000)
  region size 1024K, 59 young (60416K), 7 survivors (7168K)
 Metaspace       used 61455K, committed 62144K, reserved 1114112K
  class space    used 6857K, committed 7168K, reserved 1048576K
}
Event: 92.333 GC heap after
{Heap after GC invocations=44 (full 0):
 garbage-first heap   total 230400K, used 96719K [0x00000000a2c00000, 0x0000000100000000)
  region size 1024K, 5 young (5120K), 5 survivors (5120K)
 Metaspace       used 61455K, committed 62144K, reserved 1114112K
  class space    used 6857K, committed 7168K, reserved 1048576K
}

